<?xml version="1.0" encoding="UTF-8"?>
<testsuite xmlns:xsi="http://www.w3.org/2001/XMLSchema-instance" xsi:noNamespaceSchemaLocation="https://maven.apache.org/surefire/maven-surefire-plugin/xsd/surefire-test-report.xsd" version="3.0.2" name="com.synthora.security.AuthorizationIdorSecurityTest" time="7.495" tests="28" errors="0" skipped="0" failures="0">
  <properties>
[...]
</properties>
  <testcase name="testUserCannotAccessAdminEndpoint" classname="com.synthora.security.AuthorizationIdorSecurityTest" time="0.265">
    <system-out><![CDATA[2026-08-22T22:42:11.910+05:30  INFO 8960 --- [synthora] [           main] t.c.s.AnnotationConfigContextLoaderUtils : Could not detect default configuration classes for test class [com.synthora.security.AuthorizationIdorSecurityTest]: AuthorizationIdorSecurityTest does not declare any static, non-private, non-final, nested classes annotated with @Configuration.
2026-08-22T22:42:11.911+05:30  INFO 8960 --- [synthora] [           main] .b.t.c.SpringBootTestContextBootstrapper : Found @SpringBootConfiguration com.synthora.SynthoraApplication for test class com.synthora.security.AuthorizationIdorSecurityTest
2026-08-22T22:42:12.175+05:30  INFO 8960 --- [synthora] [           main] c.synthora.common.RequestLoggingFilter   : API Request: method=GET uri=/api/v1/admin/users status=403 duration=1ms requestId=6fa6a2ba-3b71-4a72-899a-ac416809b258
]]></system-out>
  </testcase>
  <testcase name="testSupplierCannotAccessAdminEndpoint" classname="com.synthora.security.AuthorizationIdorSecurityTest" time="0.28">
    <system-out><![CDATA[2026-08-22T22:42:12.456+05:30  INFO 8960 --- [synthora] [           main] c.synthora.common.RequestLoggingFilter   : API Request: method=GET uri=/api/v1/admin/users status=403 duration=1ms requestId=7b573e08-9096-4f8b-a08c-2144632fe4b0
]]></system-out>
  </testcase>
  <testcase name="testBuyerCannotAccessOtherBuyerRfq" classname="com.synthora.security.AuthorizationIdorSecurityTest" time="0.271">
    <system-out><![CDATA[2026-08-22T22:42:12.728+05:30  INFO 8960 --- [synthora] [           main] c.synthora.common.RequestLoggingFilter   : API Request: method=GET uri=/api/v1/rfqs/ccf453d4-abe8-4ecb-a0b0-34eff3fa7d9a status=404 duration=2ms requestId=52faabe7-7fab-4cbc-8276-4d93c5ea80d6
]]></system-out>
  </testcase>
  <testcase name="testSupplierCannotQuoteOnAcceptedRfq" classname="com.synthora.security.AuthorizationIdorSecurityTest" time="0.265">
    <system-out><![CDATA[2026-08-22T22:42:12.994+05:30  INFO 8960 --- [synthora] [           main] c.synthora.common.RequestLoggingFilter   : API Request: method=POST uri=/api/v1/rfqs/supplier/92add2e6-f9a8-4988-b0e8-ef303a1f1cab/quotations status=409 duration=2ms requestId=d54c190c-dcc7-4648-8f58-abb08993b5f7
]]></system-out>
  </testcase>
  <testcase name="testAnonymousCannotAccessNotifications" classname="com.synthora.security.AuthorizationIdorSecurityTest" time="0.294"/>
  <testcase name="testBuyerCannotAccessOtherBuyerDocument" classname="com.synthora.security.AuthorizationIdorSecurityTest" time="0.266">
    <system-out><![CDATA[2026-08-22T22:42:13.555+05:30  INFO 8960 --- [synthora] [           main] c.synthora.common.RequestLoggingFilter   : API Request: method=GET uri=/api/v1/documents/27612eb8-3660-43f4-9379-59a57341bf1e status=403 duration=2ms requestId=5766f6e2-1401-401a-94c1-834861b8fe4b
]]></system-out>
  </testcase>
  <testcase name="testSupplierCannotDeleteOtherSupplierProduct" classname="com.synthora.security.AuthorizationIdorSecurityTest" time="0.265">
    <system-out><![CDATA[2026-08-22T22:42:13.820+05:30  INFO 8960 --- [synthora] [           main] c.synthora.common.RequestLoggingFilter   : API Request: method=DELETE uri=/api/v1/products/630497e7-173e-472b-a41f-542c62b1d9f0 status=403 duration=2ms requestId=3c1d8cf5-a7c2-4fe3-9674-085c7bcc1694
]]></system-out>
  </testcase>
  <testcase name="testBuyerIdentityDerivedFromServerContext" classname="com.synthora.security.AuthorizationIdorSecurityTest" time="0.264">
    <system-out><![CDATA[2026-08-22T22:42:14.084+05:30 DEBUG 8960 --- [synthora] [           main] c.s.notification.NotificationService     : Created notification b0482b17-66d5-4a95-b4d9-6661fbaa6f38 for recipient 2c51df30-2e7a-447d-ad37-2cc98fc51b00
2026-08-22T22:42:14.084+05:30 DEBUG 8960 --- [synthora] [    mail-exec-2] c.s.notification.email.EmailServiceImpl  : Email sending is disabled. Skipping email to supplier_a@synthora.com with subject '[Synthora] New RFQ Received'
2026-08-22T22:42:14.085+05:30  INFO 8960 --- [synthora] [           main] c.synthora.common.RequestLoggingFilter   : API Request: method=POST uri=/api/v1/rfqs status=201 duration=3ms requestId=fb78e1af-e1ec-4e05-9445-0fdd6400e83e
]]></system-out>
  </testcase>
  <testcase name="testAnonymousCannotAccessRfq" classname="com.synthora.security.AuthorizationIdorSecurityTest" time="0.262"/>
  <testcase name="testSupplierCannotAccessOtherSupplierQuotationDocument" classname="com.synthora.security.AuthorizationIdorSecurityTest" time="0.261">
    <system-out><![CDATA[2026-08-22T22:42:14.608+05:30  INFO 8960 --- [synthora] [           main] c.synthora.common.RequestLoggingFilter   : API Request: method=GET uri=/api/v1/documents/ae5a07c1-7a5b-4f6b-a50c-50b178a32dd7 status=403 duration=2ms requestId=45432a32-cbd7-4b1d-8eee-6ebd1b115a27
]]></system-out>
  </testcase>
  <testcase name="testPublicCatalogAccessible" classname="com.synthora.security.AuthorizationIdorSecurityTest" time="0.265">
    <system-out><![CDATA[2026-08-22T22:42:14.869+05:30  INFO 8960 --- [synthora] [           main] c.synthora.common.RequestLoggingFilter   : API Request: method=GET uri=/api/v1/products status=200 duration=4ms requestId=d7bfaf8a-e53a-4b30-a812-6378b26a0870
2026-08-22T22:42:14.870+05:30  INFO 8960 --- [synthora] [           main] c.synthora.common.RequestLoggingFilter   : API Request: method=GET uri=/api/v1/products/b6b31a35-8b62-420f-83a6-aaa0445acd8d/detail status=200 duration=1ms requestId=07ee4e7e-45d2-4c53-9ae3-c239d97047f9
2026-08-22T22:42:14.873+05:30  INFO 8960 --- [synthora] [           main] c.synthora.common.RequestLoggingFilter   : API Request: method=GET uri=/api/v1/suppliers status=200 duration=2ms requestId=cc727f40-63f0-4029-9dff-086187da15c5
]]></system-out>
  </testcase>
  <testcase name="testBuyerCannotAccessOtherBuyerPurchaseOrder" classname="com.synthora.security.AuthorizationIdorSecurityTest" time="0.265">
    <system-out><![CDATA[2026-08-22T22:42:15.137+05:30  INFO 8960 --- [synthora] [           main] c.synthora.common.RequestLoggingFilter   : API Request: method=GET uri=/api/v1/orders/9a827025-b605-49b9-9cca-2be31435bcc6 status=404 duration=2ms requestId=271d4014-8242-47a8-a5d3-9b4305422060
]]></system-out>
  </testcase>
  <testcase name="testBuyerCannotAccessOtherBuyerQuotations" classname="com.synthora.security.AuthorizationIdorSecurityTest" time="0.263">
    <system-out><![CDATA[2026-08-22T22:42:15.401+05:30  INFO 8960 --- [synthora] [           main] c.synthora.common.RequestLoggingFilter   : API Request: method=GET uri=/api/v1/rfqs/bd7a8611-0ba1-4c8f-87e0-9bbffb0e265b/quotations status=404 duration=1ms requestId=0258c501-81f3-40d8-847c-1b4b5d032625
]]></system-out>
  </testcase>
  <testcase name="testSupplierCannotAccessOtherSupplierRfq" classname="com.synthora.security.AuthorizationIdorSecurityTest" time="0.265">
    <system-out><![CDATA[2026-08-22T22:42:15.666+05:30  INFO 8960 --- [synthora] [           main] c.synthora.common.RequestLoggingFilter   : API Request: method=GET uri=/api/v1/rfqs/supplier/3c6e1f98-202f-4bfc-80b5-e56661aff081 status=404 duration=1ms requestId=6253a96d-aa53-4e57-84f0-5745db2bef34
]]></system-out>
  </testcase>
  <testcase name="testSupplierCannotShipDeliveredOrder" classname="com.synthora.security.AuthorizationIdorSecurityTest" time="0.264">
    <system-out><![CDATA[2026-08-22T22:42:15.931+05:30  INFO 8960 --- [synthora] [           main] c.synthora.common.RequestLoggingFilter   : API Request: method=POST uri=/api/v1/orders/supplier/2fc1e2e4-f1b7-48f6-95fc-8be22401c819/confirm status=409 duration=2ms requestId=855b71bd-f69d-41ce-94dc-cb1c3b8cd365
]]></system-out>
  </testcase>
  <testcase name="testBuyerCannotCreatePoOnUnacceptedRfq" classname="com.synthora.security.AuthorizationIdorSecurityTest" time="0.264">
    <system-out><![CDATA[2026-08-22T22:42:16.196+05:30  INFO 8960 --- [synthora] [           main] c.synthora.common.RequestLoggingFilter   : API Request: method=POST uri=/api/v1/orders status=409 duration=3ms requestId=80343688-7ba5-476a-95c5-03894b7f1737
]]></system-out>
  </testcase>
  <testcase name="testSupplierCannotConfirmOtherSupplierPo" classname="com.synthora.security.AuthorizationIdorSecurityTest" time="0.301">
    <system-out><![CDATA[2026-08-22T22:42:16.497+05:30  INFO 8960 --- [synthora] [           main] c.synthora.common.RequestLoggingFilter   : API Request: method=POST uri=/api/v1/orders/supplier/61f491da-c650-4b51-abbe-acb075378f20/confirm status=404 duration=2ms requestId=424ac330-344b-40fa-9193-974a4e8faee5
]]></system-out>
  </testcase>
  <testcase name="testUserCannotGetOtherUserById" classname="com.synthora.security.AuthorizationIdorSecurityTest" time="0.263">
    <system-out><![CDATA[2026-08-22T22:42:16.760+05:30  INFO 8960 --- [synthora] [           main] c.synthora.common.RequestLoggingFilter   : API Request: method=GET uri=/api/v1/users/bcde3ee8-32d1-4671-9df1-49e042908f78 status=403 duration=1ms requestId=b7ba7eec-0a28-4946-8658-0dffe0640c48
]]></system-out>
  </testcase>
  <testcase name="testSupplierCannotAccessOtherSupplierOffering" classname="com.synthora.security.AuthorizationIdorSecurityTest" time="0.264">
    <system-out><![CDATA[2026-08-22T22:42:17.025+05:30  INFO 8960 --- [synthora] [           main] c.synthora.common.RequestLoggingFilter   : API Request: method=GET uri=/api/v1/products/3afac787-be8d-4cea-821a-ec1dff78ab15/supplier-offering status=404 duration=2ms requestId=ca36a127-4611-4a20-9bf1-bd2b0fea7637
]]></system-out>
  </testcase>
  <testcase name="testUserCannotChangeRoleOrStatus" classname="com.synthora.security.AuthorizationIdorSecurityTest" time="0.264">
    <system-out><![CDATA[2026-08-22T22:42:17.287+05:30  INFO 8960 --- [synthora] [           main] c.synthora.common.RequestLoggingFilter   : API Request: method=PUT uri=/api/v1/admin/users/422e9218-c135-4e99-a51b-dadceb663e39/role status=403 duration=2ms requestId=23a70f23-0345-4999-8352-c3a295b97b36
2026-08-22T22:42:17.289+05:30  INFO 8960 --- [synthora] [           main] c.synthora.common.RequestLoggingFilter   : API Request: method=PUT uri=/api/v1/admin/users/422e9218-c135-4e99-a51b-dadceb663e39/status status=403 duration=1ms requestId=5c5849d6-8d89-4f83-a7a5-37a6d63553e2
]]></system-out>
  </testcase>
  <testcase name="testSupplierCannotSubmitQuoteToOtherSupplierRfq" classname="com.synthora.security.AuthorizationIdorSecurityTest" time="0.263">
    <system-out><![CDATA[2026-08-22T22:42:17.552+05:30  INFO 8960 --- [synthora] [           main] c.synthora.common.RequestLoggingFilter   : API Request: method=POST uri=/api/v1/rfqs/supplier/617a1d4e-2963-4f8f-bbcb-d2540c82d771/quotations status=404 duration=2ms requestId=8344231e-d9a6-4513-897e-7bf86877566b
]]></system-out>
  </testcase>
  <testcase name="testBuyerCannotAcceptOtherBuyerQuotation" classname="com.synthora.security.AuthorizationIdorSecurityTest" time="0.26">
    <system-out><![CDATA[2026-08-22T22:42:17.813+05:30  INFO 8960 --- [synthora] [           main] c.synthora.common.RequestLoggingFilter   : API Request: method=POST uri=/api/v1/rfqs/5b336926-4fc7-4151-9599-c435d43ce50d/quotations/4d52c6d2-b899-4233-8485-7d469d201d25/accept status=404 duration=1ms requestId=c0f2e6a4-d109-4c3a-ae6f-03e2311ac338
]]></system-out>
  </testcase>
  <testcase name="testSupplierCannotUpdateOtherSupplierProduct" classname="com.synthora.security.AuthorizationIdorSecurityTest" time="0.262">
    <system-out><![CDATA[2026-08-22T22:42:18.075+05:30  INFO 8960 --- [synthora] [           main] c.synthora.common.RequestLoggingFilter   : API Request: method=PUT uri=/api/v1/products/dcace52a-96a3-4bde-bd87-684e058f3910 status=403 duration=2ms requestId=50a589f5-0927-4c29-b16b-fe37ea8ebd0f
]]></system-out>
  </testcase>
  <testcase name="testSupplierOfferingDerivedFromServerContext" classname="com.synthora.security.AuthorizationIdorSecurityTest" time="0.265">
    <system-out><![CDATA[2026-08-22T22:42:18.340+05:30  INFO 8960 --- [synthora] [           main] c.synthora.common.RequestLoggingFilter   : API Request: method=POST uri=/api/v1/products/5f987097-dcf3-498d-aed6-3e1a97ca262c/supplier-offering status=200 duration=3ms requestId=a3511eb4-3641-4180-b174-1f651899f120
]]></system-out>
  </testcase>
  <testcase name="testBuyerCannotShipPurchaseOrder" classname="com.synthora.security.AuthorizationIdorSecurityTest" time="0.27">
    <system-out><![CDATA[2026-08-22T22:42:18.611+05:30  INFO 8960 --- [synthora] [           main] c.synthora.common.RequestLoggingFilter   : API Request: method=POST uri=/api/v1/orders/supplier/748d4f65-340c-430b-a7a8-24ac1ec36119/ship status=403 duration=1ms requestId=d816a72d-c45d-4b57-b585-2e984037f690
]]></system-out>
  </testcase>
  <testcase name="testAnonymousCannotAccessOrders" classname="com.synthora.security.AuthorizationIdorSecurityTest" time="0.261"/>
  <testcase name="testBuyerCannotAccessOtherBuyerNotification" classname="com.synthora.security.AuthorizationIdorSecurityTest" time="0.27">
    <system-out><![CDATA[2026-08-22T22:42:19.142+05:30  INFO 8960 --- [synthora] [           main] c.synthora.common.RequestLoggingFilter   : API Request: method=PUT uri=/api/v1/notifications/9ca72fcc-8161-4ecc-851b-6505d38e83a2/read status=404 duration=1ms requestId=72aa662b-af4c-4986-bf3a-637ef5918eba
]]></system-out>
  </testcase>
  <testcase name="testSupplierCannotAccessOtherSupplierPo" classname="com.synthora.security.AuthorizationIdorSecurityTest" time="0.26">
    <system-out><![CDATA[2026-08-22T22:42:19.402+05:30  INFO 8960 --- [synthora] [           main] c.synthora.common.RequestLoggingFilter   : API Request: method=GET uri=/api/v1/orders/supplier/7493ee50-d73d-4a98-9d2b-01b29c4b1fc3 status=404 duration=1ms requestId=1c249f63-6a7e-47e4-9f9e-102b49924c2c
]]></system-out>
  </testcase>
</testsuite>