<?xml version="1.0" encoding="UTF-8"?>
<testsuite xmlns:xsi="http://www.w3.org/2001/XMLSchema-instance" xsi:noNamespaceSchemaLocation="https://maven.apache.org/surefire/maven-surefire-plugin/xsd/surefire-test-report.xsd" version="3.0.2" name="com.synthora.admin.user.AdminUserControllerIntegrationTest" time="1.097" tests="5" errors="0" skipped="0" failures="0">
  <properties>
[...]
</properties>
  <testcase name="testSoftDelete_BlocksAuth" classname="com.synthora.admin.user.AdminUserControllerIntegrationTest" time="0.249">
    <system-out><![CDATA[2026-08-23T01:52:30.169+05:30  INFO 35500 --- [synthora] [           main] t.c.s.AnnotationConfigContextLoaderUtils : Could not detect default configuration classes for test class [com.synthora.admin.user.AdminUserControllerIntegrationTest]: AdminUserControllerIntegrationTest does not declare any static, non-private, non-final, nested classes annotated with @Configuration.
2026-08-23T01:52:30.180+05:30  INFO 35500 --- [synthora] [           main] .b.t.c.SpringBootTestContextBootstrapper : Found @SpringBootConfiguration com.synthora.SynthoraApplication for test class com.synthora.admin.user.AdminUserControllerIntegrationTest
2026-08-23T01:52:30.352+05:30  INFO 35500 --- [synthora] [           main] com.synthora.admin.audit.AuditService    : AUDIT: Admin 00dee7ae-678b-4ed3-bc95-cc4687a07dce performed USER_DELETED on USER::98b60937-2c67-4ffd-a43a-41da953ea8c0 [IP: 127.0.0.1]
2026-08-23T01:52:30.355+05:30  INFO 35500 --- [synthora] [           main] c.synthora.common.RequestLoggingFilter   : API Request: method=DELETE uri=/api/v1/admin/users/98b60937-2c67-4ffd-a43a-41da953ea8c0 status=200 duration=9ms requestId=adcc10d2-4330-44c3-ad3b-63d510e3b190
2026-08-23T01:52:30.428+05:30  WARN 35500 --- [synthora] [           main] c.synthora.identity.service.UserService  : Failed login attempt on deactivated user: supplier.jane@supplier.com
2026-08-23T01:52:30.429+05:30  INFO 35500 --- [synthora] [           main] c.synthora.common.RequestLoggingFilter   : API Request: method=POST uri=/api/v1/auth/login status=400 duration=71ms requestId=6aa6fe04-6e7e-4dd1-a49a-095e1563e39c
]]></system-out>
  </testcase>
  <testcase name="testRoleManagement_PromoteUser" classname="com.synthora.admin.user.AdminUserControllerIntegrationTest" time="0.176">
    <system-out><![CDATA[2026-08-23T01:52:30.605+05:30  INFO 35500 --- [synthora] [           main] com.synthora.admin.audit.AuditService    : AUDIT: Admin aa7ed5e8-6243-4ee1-b28e-9abb18cb4bd8 performed USER_ROLE_CHANGED on USER::425ed1f8-6b41-4e49-96fd-0f7d7aa98b06 [IP: 127.0.0.1]
2026-08-23T01:52:30.605+05:30  INFO 35500 --- [synthora] [           main] c.synthora.common.RequestLoggingFilter   : API Request: method=PUT uri=/api/v1/admin/users/425ed1f8-6b41-4e49-96fd-0f7d7aa98b06/role status=200 duration=8ms requestId=2172aa70-7562-43ff-8eca-959df3cc23d0
]]></system-out>
  </testcase>
  <testcase name="testGetUserDetail_AdminAllowed_NotFound404" classname="com.synthora.admin.user.AdminUserControllerIntegrationTest" time="0.173">
    <system-out><![CDATA[2026-08-23T01:52:30.773+05:30  INFO 35500 --- [synthora] [           main] c.synthora.common.RequestLoggingFilter   : API Request: method=GET uri=/api/v1/admin/users/7504039b-c84a-4782-871e-7fa9502b0ae1 status=200 duration=3ms requestId=a861d826-4ba9-4e96-a9d7-597638f46817
2026-08-23T01:52:30.781+05:30  INFO 35500 --- [synthora] [           main] c.synthora.common.RequestLoggingFilter   : API Request: method=GET uri=/api/v1/admin/users/763b318d-1545-4d54-9b7b-08f1e164b519 status=404 duration=3ms requestId=660cb118-618e-4c62-b3f3-8ed31c97215a
]]></system-out>
  </testcase>
  <testcase name="testGetUsers_AdminAllowed_NonAdminBlocked" classname="com.synthora.admin.user.AdminUserControllerIntegrationTest" time="0.181">
    <system-out><![CDATA[2026-08-23T01:52:30.952+05:30  INFO 35500 --- [synthora] [           main] c.synthora.common.RequestLoggingFilter   : API Request: method=GET uri=/api/v1/admin/users status=200 duration=7ms requestId=2651cfdf-476c-4d78-b38e-fe5b73bb2fc8
2026-08-23T01:52:30.956+05:30  INFO 35500 --- [synthora] [           main] c.synthora.common.RequestLoggingFilter   : API Request: method=GET uri=/api/v1/admin/users status=403 duration=1ms requestId=7b62cf51-c117-49df-87bd-16915985f578
2026-08-23T01:52:30.960+05:30  INFO 35500 --- [synthora] [           main] c.synthora.common.RequestLoggingFilter   : API Request: method=GET uri=/api/v1/admin/users status=403 duration=1ms requestId=2b99ce0e-22c6-4d3c-835f-0c12820719ab
]]></system-out>
  </testcase>
  <testcase name="testSuspendAndActivate_AuthEnforcement" classname="com.synthora.admin.user.AdminUserControllerIntegrationTest" time="0.298">
    <system-out><![CDATA[2026-08-23T01:52:31.141+05:30  INFO 35500 --- [synthora] [           main] com.synthora.admin.audit.AuditService    : AUDIT: Admin 5fa5812c-7e2f-4556-a9c5-0d91fc257a10 performed USER_SUSPENDED on USER::031d34a2-06c7-4c19-b8a2-0dbee8e05a2e [IP: 127.0.0.1]
2026-08-23T01:52:31.142+05:30  INFO 35500 --- [synthora] [           main] c.synthora.common.RequestLoggingFilter   : API Request: method=PUT uri=/api/v1/admin/users/031d34a2-06c7-4c19-b8a2-0dbee8e05a2e/status status=200 duration=8ms requestId=03e46361-976b-4078-8ea9-804e1469f2ac
2026-08-23T01:52:31.196+05:30  WARN 35500 --- [synthora] [           main] c.synthora.identity.service.UserService  : Failed login attempt on suspended user: buyer.john@buyer.com
2026-08-23T01:52:31.196+05:30  INFO 35500 --- [synthora] [           main] c.synthora.common.RequestLoggingFilter   : API Request: method=POST uri=/api/v1/auth/login status=400 duration=53ms requestId=2936e0dc-5a36-4821-a7d1-104376158c13
2026-08-23T01:52:31.203+05:30  INFO 35500 --- [synthora] [           main] com.synthora.admin.audit.AuditService    : AUDIT: Admin 5fa5812c-7e2f-4556-a9c5-0d91fc257a10 performed USER_ACTIVATED on USER::031d34a2-06c7-4c19-b8a2-0dbee8e05a2e [IP: 127.0.0.1]
2026-08-23T01:52:31.204+05:30  INFO 35500 --- [synthora] [           main] c.synthora.common.RequestLoggingFilter   : API Request: method=PUT uri=/api/v1/admin/users/031d34a2-06c7-4c19-b8a2-0dbee8e05a2e/status status=200 duration=4ms requestId=732d88f1-596a-4ecf-9f61-940e5bbc3514
2026-08-23T01:52:31.258+05:30  INFO 35500 --- [synthora] [           main] c.synthora.identity.service.UserService  : Successful login for user: buyer.john@buyer.com (Role: USER)
2026-08-23T01:52:31.260+05:30  INFO 35500 --- [synthora] [           main] c.synthora.common.RequestLoggingFilter   : API Request: method=POST uri=/api/v1/auth/login status=200 duration=54ms requestId=ab7d176f-a899-4df0-95aa-624e470427ba
]]></system-out>
  </testcase>
</testsuite>