<?xml version="1.0" encoding="UTF-8"?>
<testsuite xmlns:xsi="http://www.w3.org/2001/XMLSchema-instance" xsi:noNamespaceSchemaLocation="https://maven.apache.org/surefire/maven-surefire-plugin/xsd/surefire-test-report.xsd" version="3.0.2" name="com.synthora.product.SupplierProductPublicApiTest" time="4.344" tests="10" errors="0" skipped="0" failures="0">
  <properties>
[...]
</properties>
  <testcase name="testSupplierWithNoProductsReturnsEmpty" classname="com.synthora.product.SupplierProductPublicApiTest" time="0.175">
    <system-out><![CDATA[2026-08-19T21:45:10.967+05:30  INFO 34132 --- [synthora] [           main] t.c.s.AnnotationConfigContextLoaderUtils : Could not detect default configuration classes for test class [com.synthora.product.SupplierProductPublicApiTest]: SupplierProductPublicApiTest does not declare any static, non-private, non-final, nested classes annotated with @Configuration.
2026-08-19T21:45:10.974+05:30  INFO 34132 --- [synthora] [           main] .b.t.c.SpringBootTestContextBootstrapper : Found @SpringBootConfiguration com.synthora.SynthoraApplication for test class com.synthora.product.SupplierProductPublicApiTest

  .   ____          _            __ _ _
 /\\ / ___'_ __ _ _(_)_ __  __ _ \ \ \ \
( ( )\___ | '_ | '_| | '_ \/ _` | \ \ \ \
 \\/  ___)| |_)| | | | | || (_| |  ) ) ) )
  '  |____| .__|_| |_|_| |_\__, | / / / /
 =========|_|==============|___/=/_/_/_/

 :: Spring Boot ::                (v3.4.1)

2026-08-19T21:45:11.013+05:30  INFO 34132 --- [synthora] [           main] c.s.p.SupplierProductPublicApiTest       : Starting SupplierProductPublicApiTest using Java 25.0.2 with PID 34132 (started by saisa in D:\Saisaket\Synthora\backend)
2026-08-19T21:45:11.014+05:30 DEBUG 34132 --- [synthora] [           main] c.s.p.SupplierProductPublicApiTest       : Running with Spring Boot v3.4.1, Spring v6.2.1
2026-08-19T21:45:11.014+05:30  INFO 34132 --- [synthora] [           main] c.s.p.SupplierProductPublicApiTest       : The following 1 profile is active: "dev"
2026-08-19T21:45:11.511+05:30  INFO 34132 --- [synthora] [           main] .s.d.r.c.RepositoryConfigurationDelegate : Bootstrapping Spring Data JPA repositories in DEFAULT mode.
2026-08-19T21:45:11.584+05:30  INFO 34132 --- [synthora] [           main] .s.d.r.c.RepositoryConfigurationDelegate : Finished Spring Data repository scanning in 72 ms. Found 22 JPA repository interfaces.
2026-08-19T21:45:11.920+05:30  INFO 34132 --- [synthora] [           main] com.zaxxer.hikari.HikariDataSource       : HikariPool-6 - Starting...
2026-08-19T21:45:12.238+05:30  INFO 34132 --- [synthora] [           main] com.zaxxer.hikari.pool.HikariPool        : HikariPool-6 - Added connection org.postgresql.jdbc.PgConnection@1123ef08
2026-08-19T21:45:12.238+05:30  INFO 34132 --- [synthora] [           main] com.zaxxer.hikari.HikariDataSource       : HikariPool-6 - Start completed.
2026-08-19T21:45:12.268+05:30  INFO 34132 --- [synthora] [           main] org.flywaydb.core.FlywayExecutor         : Database: jdbc:postgresql://localhost:5432/marketplace (PostgreSQL 18.3)
2026-08-19T21:45:12.287+05:30  WARN 34132 --- [synthora] [           main] o.f.c.internal.database.base.Database    : Flyway upgrade recommended: PostgreSQL 18.3 is newer than this version of Flyway and support has not been tested. The latest supported version of PostgreSQL is 17.
2026-08-19T21:45:12.381+05:30  INFO 34132 --- [synthora] [           main] o.f.core.internal.command.DbValidate     : Successfully validated 29 migrations (execution time 00:00.071s)
2026-08-19T21:45:12.416+05:30  INFO 34132 --- [synthora] [           main] o.f.core.internal.command.DbMigrate      : Current version of schema "public": 28
2026-08-19T21:45:12.416+05:30  WARN 34132 --- [synthora] [           main] o.f.core.internal.command.DbMigrate      : outOfOrder mode is active. Migration of schema "public" may not be reproducible.
2026-08-19T21:45:12.418+05:30  INFO 34132 --- [synthora] [           main] o.f.core.internal.command.DbMigrate      : Schema "public" is up to date. No migration necessary.
2026-08-19T21:45:12.472+05:30  INFO 34132 --- [synthora] [           main] o.hibernate.jpa.internal.util.LogHelper  : HHH000204: Processing PersistenceUnitInfo [name: default]
2026-08-19T21:45:12.475+05:30  INFO 34132 --- [synthora] [           main] o.h.c.internal.RegionFactoryInitiator    : HHH000026: Second-level cache disabled
2026-08-19T21:45:12.485+05:30  INFO 34132 --- [synthora] [           main] o.s.o.j.p.SpringPersistenceUnitInfo      : No LoadTimeWeaver setup: ignoring JPA class transformer
2026-08-19T21:45:12.507+05:30  INFO 34132 --- [synthora] [           main] org.hibernate.orm.connections.pooling    : HHH10001005: Database info:
	Database JDBC URL [Connecting through datasource 'HikariDataSource (HikariPool-6)']
	Database driver: undefined/unknown
	Database version: 18.3
	Autocommit mode: undefined/unknown
	Isolation level: undefined/unknown
	Minimum pool size: undefined/unknown
	Maximum pool size: undefined/unknown
2026-08-19T21:45:13.025+05:30  INFO 34132 --- [synthora] [           main] o.h.e.t.j.p.i.JtaPlatformInitiator       : HHH000489: No JTA platform available (set 'hibernate.transaction.jta.platform' to enable JTA platform integration)
2026-08-19T21:45:13.094+05:30  INFO 34132 --- [synthora] [           main] j.LocalContainerEntityManagerFactoryBean : Initialized JPA EntityManagerFactory for persistence unit 'default'
2026-08-19T21:45:14.288+05:30  INFO 34132 --- [synthora] [           main] o.s.b.a.e.web.EndpointLinksResolver      : Exposing 3 endpoints beneath base path '/actuator'
2026-08-19T21:45:14.764+05:30 DEBUG 34132 --- [synthora] [           main] c.s.security.JwtAuthenticationFilter     : Filter 'jwtAuthenticationFilter' configured for use
2026-08-19T21:45:14.764+05:30  INFO 34132 --- [synthora] [           main] o.s.b.t.m.w.SpringBootMockServletContext : Initializing Spring TestDispatcherServlet ''
2026-08-19T21:45:14.764+05:30  INFO 34132 --- [synthora] [           main] o.s.t.web.servlet.TestDispatcherServlet  : Initializing Servlet ''
2026-08-19T21:45:14.767+05:30  INFO 34132 --- [synthora] [           main] o.s.t.web.servlet.TestDispatcherServlet  : Completed initialization in 2 ms
2026-08-19T21:45:14.797+05:30  INFO 34132 --- [synthora] [           main] c.s.p.SupplierProductPublicApiTest       : Started SupplierProductPublicApiTest in 3.816 seconds (process running for 64.424)
Hibernate: 
    select
        u1_0.id,
        u1_0.created_at,
        u1_0.deleted_at,
        u1_0.deleted_by,
        u1_0.email,
        u1_0.name,
        u1_0.password_hash,
        u1_0.phone,
        u1_0.role,
        u1_0.status,
        u1_0.updated_at 
    from
        users u1_0 
    where
        u1_0.id=?
Hibernate: 
    select
        u1_0.id,
        u1_0.created_at,
        u1_0.deleted_at,
        u1_0.deleted_by,
        u1_0.email,
        u1_0.name,
        u1_0.password_hash,
        u1_0.phone,
        u1_0.role,
        u1_0.status,
        u1_0.updated_at 
    from
        users u1_0 
    where
        u1_0.id=?
Hibernate: 
    insert 
    into
        users
        (created_at, deleted_at, deleted_by, email, name, password_hash, phone, role, status, updated_at, id) 
    values
        (?, ?, ?, ?, ?, ?, ?, ?, ?, ?, ?)
Hibernate: 
    insert 
    into
        users
        (created_at, deleted_at, deleted_by, email, name, password_hash, phone, role, status, updated_at, id) 
    values
        (?, ?, ?, ?, ?, ?, ?, ?, ?, ?, ?)
Hibernate: 
    select
        null,
        u1_0.created_at,
        u1_0.deleted_at,
        u1_0.deleted_by,
        u1_0.email,
        u1_0.name,
        u1_0.password_hash,
        u1_0.phone,
        u1_0.role,
        u1_0.status,
        u1_0.updated_at 
    from
        users u1_0 
    where
        u1_0.id=?
Hibernate: 
    insert 
    into
        suppliers
        (country_code, country_name, created_at, export_ready, logo_url, name, response_rate, slug, user_id, verification_notes, verification_status, verification_updated_at, verified, years_in_business) 
    values
        (?, ?, ?, ?, ?, ?, ?, ?, ?, ?, ?, ?, ?, ?)
Hibernate: 
    select
        null,
        u1_0.created_at,
        u1_0.deleted_at,
        u1_0.deleted_by,
        u1_0.email,
        u1_0.name,
        u1_0.password_hash,
        u1_0.phone,
        u1_0.role,
        u1_0.status,
        u1_0.updated_at 
    from
        users u1_0 
    where
        u1_0.id=?
Hibernate: 
    insert 
    into
        suppliers
        (country_code, country_name, created_at, export_ready, logo_url, name, response_rate, slug, user_id, verification_notes, verification_status, verification_updated_at, verified, years_in_business) 
    values
        (?, ?, ?, ?, ?, ?, ?, ?, ?, ?, ?, ?, ?, ?)
Hibernate: 
    insert 
    into
        products
        (availability_status, cas_number, category, coa_available, created_at, description, export_ready, grade, lead_time_days, molecular_formula, moq_kg, msds_available, name, packaging, price, product_code, purity, seller_id, stock, updated_at, id) 
    values
        (?, ?, ?, ?, ?, ?, ?, ?, ?, ?, ?, ?, ?, ?, ?, ?, ?, ?, ?, ?, ?)
Hibernate: 
    insert 
    into
        products
        (availability_status, cas_number, category, coa_available, created_at, description, export_ready, grade, lead_time_days, molecular_formula, moq_kg, msds_available, name, packaging, price, product_code, purity, seller_id, stock, updated_at, id) 
    values
        (?, ?, ?, ?, ?, ?, ?, ?, ?, ?, ?, ?, ?, ?, ?, ?, ?, ?, ?, ?, ?)
Hibernate: 
    insert 
    into
        suppliers
        (country_code, country_name, created_at, export_ready, logo_url, name, response_rate, slug, user_id, verification_notes, verification_status, verification_updated_at, verified, years_in_business) 
    values
        (?, ?, ?, ?, ?, ?, ?, ?, ?, ?, ?, ?, ?, ?)
2026-08-19T21:45:14.967+05:30  WARN 34132 --- [synthora] [           main] ration$PageModule$WarningLoggingModifier : Serializing PageImpl instances as-is is not supported, meaning that there is no guarantee about the stability of the resulting JSON structure!
	For a stable JSON structure, please use Spring Data's PagedModel (globally via @EnableSpringDataWebSupport(pageSerializationMode = VIA_DTO))
	or Spring HATEOAS and Spring Data's PagedResourcesAssembler as documented in https://docs.spring.io/spring-data/commons/reference/repositories/core-extensions.html#core.web.pageables.

]]></system-out>
  </testcase>
  <testcase name="testUnknownSupplierReturns404" classname="com.synthora.product.SupplierProductPublicApiTest" time="0.023">
    <system-out><![CDATA[Hibernate: 
    select
        u1_0.id,
        u1_0.created_at,
        u1_0.deleted_at,
        u1_0.deleted_by,
        u1_0.email,
        u1_0.name,
        u1_0.password_hash,
        u1_0.phone,
        u1_0.role,
        u1_0.status,
        u1_0.updated_at 
    from
        users u1_0 
    where
        u1_0.id=?
Hibernate: 
    select
        u1_0.id,
        u1_0.created_at,
        u1_0.deleted_at,
        u1_0.deleted_by,
        u1_0.email,
        u1_0.name,
        u1_0.password_hash,
        u1_0.phone,
        u1_0.role,
        u1_0.status,
        u1_0.updated_at 
    from
        users u1_0 
    where
        u1_0.id=?
Hibernate: 
    insert 
    into
        users
        (created_at, deleted_at, deleted_by, email, name, password_hash, phone, role, status, updated_at, id) 
    values
        (?, ?, ?, ?, ?, ?, ?, ?, ?, ?, ?)
Hibernate: 
    insert 
    into
        users
        (created_at, deleted_at, deleted_by, email, name, password_hash, phone, role, status, updated_at, id) 
    values
        (?, ?, ?, ?, ?, ?, ?, ?, ?, ?, ?)
Hibernate: 
    select
        null,
        u1_0.created_at,
        u1_0.deleted_at,
        u1_0.deleted_by,
        u1_0.email,
        u1_0.name,
        u1_0.password_hash,
        u1_0.phone,
        u1_0.role,
        u1_0.status,
        u1_0.updated_at 
    from
        users u1_0 
    where
        u1_0.id=?
Hibernate: 
    insert 
    into
        suppliers
        (country_code, country_name, created_at, export_ready, logo_url, name, response_rate, slug, user_id, verification_notes, verification_status, verification_updated_at, verified, years_in_business) 
    values
        (?, ?, ?, ?, ?, ?, ?, ?, ?, ?, ?, ?, ?, ?)
Hibernate: 
    select
        null,
        u1_0.created_at,
        u1_0.deleted_at,
        u1_0.deleted_by,
        u1_0.email,
        u1_0.name,
        u1_0.password_hash,
        u1_0.phone,
        u1_0.role,
        u1_0.status,
        u1_0.updated_at 
    from
        users u1_0 
    where
        u1_0.id=?
Hibernate: 
    insert 
    into
        suppliers
        (country_code, country_name, created_at, export_ready, logo_url, name, response_rate, slug, user_id, verification_notes, verification_status, verification_updated_at, verified, years_in_business) 
    values
        (?, ?, ?, ?, ?, ?, ?, ?, ?, ?, ?, ?, ?, ?)
Hibernate: 
    select
        s1_0.id,
        s1_0.country_code,
        s1_0.country_name,
        s1_0.created_at,
        s1_0.export_ready,
        s1_0.logo_url,
        s1_0.name,
        s1_0.response_rate,
        s1_0.slug,
        s1_0.user_id,
        s1_0.verification_notes,
        s1_0.verification_status,
        s1_0.verification_updated_at,
        s1_0.verified,
        s1_0.years_in_business 
    from
        suppliers s1_0 
    where
        s1_0.id=?
]]></system-out>
  </testcase>
  <testcase name="testEndpointDoesNotPermitDelete" classname="com.synthora.product.SupplierProductPublicApiTest" time="0.024">
    <system-out><![CDATA[Hibernate: 
    select
        u1_0.id,
        u1_0.created_at,
        u1_0.deleted_at,
        u1_0.deleted_by,
        u1_0.email,
        u1_0.name,
        u1_0.password_hash,
        u1_0.phone,
        u1_0.role,
        u1_0.status,
        u1_0.updated_at 
    from
        users u1_0 
    where
        u1_0.id=?
Hibernate: 
    select
        u1_0.id,
        u1_0.created_at,
        u1_0.deleted_at,
        u1_0.deleted_by,
        u1_0.email,
        u1_0.name,
        u1_0.password_hash,
        u1_0.phone,
        u1_0.role,
        u1_0.status,
        u1_0.updated_at 
    from
        users u1_0 
    where
        u1_0.id=?
Hibernate: 
    insert 
    into
        users
        (created_at, deleted_at, deleted_by, email, name, password_hash, phone, role, status, updated_at, id) 
    values
        (?, ?, ?, ?, ?, ?, ?, ?, ?, ?, ?)
Hibernate: 
    insert 
    into
        users
        (created_at, deleted_at, deleted_by, email, name, password_hash, phone, role, status, updated_at, id) 
    values
        (?, ?, ?, ?, ?, ?, ?, ?, ?, ?, ?)
Hibernate: 
    select
        null,
        u1_0.created_at,
        u1_0.deleted_at,
        u1_0.deleted_by,
        u1_0.email,
        u1_0.name,
        u1_0.password_hash,
        u1_0.phone,
        u1_0.role,
        u1_0.status,
        u1_0.updated_at 
    from
        users u1_0 
    where
        u1_0.id=?
Hibernate: 
    insert 
    into
        suppliers
        (country_code, country_name, created_at, export_ready, logo_url, name, response_rate, slug, user_id, verification_notes, verification_status, verification_updated_at, verified, years_in_business) 
    values
        (?, ?, ?, ?, ?, ?, ?, ?, ?, ?, ?, ?, ?, ?)
Hibernate: 
    select
        null,
        u1_0.created_at,
        u1_0.deleted_at,
        u1_0.deleted_by,
        u1_0.email,
        u1_0.name,
        u1_0.password_hash,
        u1_0.phone,
        u1_0.role,
        u1_0.status,
        u1_0.updated_at 
    from
        users u1_0 
    where
        u1_0.id=?
Hibernate: 
    insert 
    into
        suppliers
        (country_code, country_name, created_at, export_ready, logo_url, name, response_rate, slug, user_id, verification_notes, verification_status, verification_updated_at, verified, years_in_business) 
    values
        (?, ?, ?, ?, ?, ?, ?, ?, ?, ?, ?, ?, ?, ?)
]]></system-out>
  </testcase>
  <testcase name="testSupplierBOnlyReceivesSupplierBProducts" classname="com.synthora.product.SupplierProductPublicApiTest" time="0.032">
    <system-out><![CDATA[Hibernate: 
    select
        u1_0.id,
        u1_0.created_at,
        u1_0.deleted_at,
        u1_0.deleted_by,
        u1_0.email,
        u1_0.name,
        u1_0.password_hash,
        u1_0.phone,
        u1_0.role,
        u1_0.status,
        u1_0.updated_at 
    from
        users u1_0 
    where
        u1_0.id=?
Hibernate: 
    select
        u1_0.id,
        u1_0.created_at,
        u1_0.deleted_at,
        u1_0.deleted_by,
        u1_0.email,
        u1_0.name,
        u1_0.password_hash,
        u1_0.phone,
        u1_0.role,
        u1_0.status,
        u1_0.updated_at 
    from
        users u1_0 
    where
        u1_0.id=?
Hibernate: 
    insert 
    into
        users
        (created_at, deleted_at, deleted_by, email, name, password_hash, phone, role, status, updated_at, id) 
    values
        (?, ?, ?, ?, ?, ?, ?, ?, ?, ?, ?)
Hibernate: 
    insert 
    into
        users
        (created_at, deleted_at, deleted_by, email, name, password_hash, phone, role, status, updated_at, id) 
    values
        (?, ?, ?, ?, ?, ?, ?, ?, ?, ?, ?)
Hibernate: 
    select
        null,
        u1_0.created_at,
        u1_0.deleted_at,
        u1_0.deleted_by,
        u1_0.email,
        u1_0.name,
        u1_0.password_hash,
        u1_0.phone,
        u1_0.role,
        u1_0.status,
        u1_0.updated_at 
    from
        users u1_0 
    where
        u1_0.id=?
Hibernate: 
    insert 
    into
        suppliers
        (country_code, country_name, created_at, export_ready, logo_url, name, response_rate, slug, user_id, verification_notes, verification_status, verification_updated_at, verified, years_in_business) 
    values
        (?, ?, ?, ?, ?, ?, ?, ?, ?, ?, ?, ?, ?, ?)
Hibernate: 
    select
        null,
        u1_0.created_at,
        u1_0.deleted_at,
        u1_0.deleted_by,
        u1_0.email,
        u1_0.name,
        u1_0.password_hash,
        u1_0.phone,
        u1_0.role,
        u1_0.status,
        u1_0.updated_at 
    from
        users u1_0 
    where
        u1_0.id=?
Hibernate: 
    insert 
    into
        suppliers
        (country_code, country_name, created_at, export_ready, logo_url, name, response_rate, slug, user_id, verification_notes, verification_status, verification_updated_at, verified, years_in_business) 
    values
        (?, ?, ?, ?, ?, ?, ?, ?, ?, ?, ?, ?, ?, ?)
Hibernate: 
    insert 
    into
        products
        (availability_status, cas_number, category, coa_available, created_at, description, export_ready, grade, lead_time_days, molecular_formula, moq_kg, msds_available, name, packaging, price, product_code, purity, seller_id, stock, updated_at, id) 
    values
        (?, ?, ?, ?, ?, ?, ?, ?, ?, ?, ?, ?, ?, ?, ?, ?, ?, ?, ?, ?, ?)
Hibernate: 
    insert 
    into
        products
        (availability_status, cas_number, category, coa_available, created_at, description, export_ready, grade, lead_time_days, molecular_formula, moq_kg, msds_available, name, packaging, price, product_code, purity, seller_id, stock, updated_at, id) 
    values
        (?, ?, ?, ?, ?, ?, ?, ?, ?, ?, ?, ?, ?, ?, ?, ?, ?, ?, ?, ?, ?)
Hibernate: 
    select
        p1_0.id,
        p1_0.availability_status,
        p1_0.cas_number,
        p1_0.category,
        p1_0.coa_available,
        p1_0.created_at,
        p1_0.description,
        p1_0.export_ready,
        p1_0.grade,
        p1_0.lead_time_days,
        p1_0.molecular_formula,
        p1_0.moq_kg,
        p1_0.msds_available,
        p1_0.name,
        p1_0.packaging,
        p1_0.price,
        p1_0.product_code,
        p1_0.purity,
        p1_0.seller_id,
        p1_0.stock,
        p1_0.updated_at 
    from
        products p1_0 
    left join
        users s1_0 
            on s1_0.id=p1_0.seller_id 
    where
        s1_0.id=? 
    order by
        p1_0.created_at desc 
    fetch
        first ? rows only
]]></system-out>
  </testcase>
  <testcase name="testEndpointDoesNotPermitPost" classname="com.synthora.product.SupplierProductPublicApiTest" time="0.036">
    <system-out><![CDATA[Hibernate: 
    select
        u1_0.id,
        u1_0.created_at,
        u1_0.deleted_at,
        u1_0.deleted_by,
        u1_0.email,
        u1_0.name,
        u1_0.password_hash,
        u1_0.phone,
        u1_0.role,
        u1_0.status,
        u1_0.updated_at 
    from
        users u1_0 
    where
        u1_0.id=?
Hibernate: 
    select
        u1_0.id,
        u1_0.created_at,
        u1_0.deleted_at,
        u1_0.deleted_by,
        u1_0.email,
        u1_0.name,
        u1_0.password_hash,
        u1_0.phone,
        u1_0.role,
        u1_0.status,
        u1_0.updated_at 
    from
        users u1_0 
    where
        u1_0.id=?
Hibernate: 
    insert 
    into
        users
        (created_at, deleted_at, deleted_by, email, name, password_hash, phone, role, status, updated_at, id) 
    values
        (?, ?, ?, ?, ?, ?, ?, ?, ?, ?, ?)
Hibernate: 
    insert 
    into
        users
        (created_at, deleted_at, deleted_by, email, name, password_hash, phone, role, status, updated_at, id) 
    values
        (?, ?, ?, ?, ?, ?, ?, ?, ?, ?, ?)
Hibernate: 
    select
        null,
        u1_0.created_at,
        u1_0.deleted_at,
        u1_0.deleted_by,
        u1_0.email,
        u1_0.name,
        u1_0.password_hash,
        u1_0.phone,
        u1_0.role,
        u1_0.status,
        u1_0.updated_at 
    from
        users u1_0 
    where
        u1_0.id=?
Hibernate: 
    insert 
    into
        suppliers
        (country_code, country_name, created_at, export_ready, logo_url, name, response_rate, slug, user_id, verification_notes, verification_status, verification_updated_at, verified, years_in_business) 
    values
        (?, ?, ?, ?, ?, ?, ?, ?, ?, ?, ?, ?, ?, ?)
Hibernate: 
    select
        null,
        u1_0.created_at,
        u1_0.deleted_at,
        u1_0.deleted_by,
        u1_0.email,
        u1_0.name,
        u1_0.password_hash,
        u1_0.phone,
        u1_0.role,
        u1_0.status,
        u1_0.updated_at 
    from
        users u1_0 
    where
        u1_0.id=?
Hibernate: 
    insert 
    into
        suppliers
        (country_code, country_name, created_at, export_ready, logo_url, name, response_rate, slug, user_id, verification_notes, verification_status, verification_updated_at, verified, years_in_business) 
    values
        (?, ?, ?, ?, ?, ?, ?, ?, ?, ?, ?, ?, ?, ?)
]]></system-out>
  </testcase>
  <testcase name="testPaginationWorks" classname="com.synthora.product.SupplierProductPublicApiTest" time="0.039">
    <system-out><![CDATA[Hibernate: 
    select
        u1_0.id,
        u1_0.created_at,
        u1_0.deleted_at,
        u1_0.deleted_by,
        u1_0.email,
        u1_0.name,
        u1_0.password_hash,
        u1_0.phone,
        u1_0.role,
        u1_0.status,
        u1_0.updated_at 
    from
        users u1_0 
    where
        u1_0.id=?
Hibernate: 
    select
        u1_0.id,
        u1_0.created_at,
        u1_0.deleted_at,
        u1_0.deleted_by,
        u1_0.email,
        u1_0.name,
        u1_0.password_hash,
        u1_0.phone,
        u1_0.role,
        u1_0.status,
        u1_0.updated_at 
    from
        users u1_0 
    where
        u1_0.id=?
Hibernate: 
    insert 
    into
        users
        (created_at, deleted_at, deleted_by, email, name, password_hash, phone, role, status, updated_at, id) 
    values
        (?, ?, ?, ?, ?, ?, ?, ?, ?, ?, ?)
Hibernate: 
    insert 
    into
        users
        (created_at, deleted_at, deleted_by, email, name, password_hash, phone, role, status, updated_at, id) 
    values
        (?, ?, ?, ?, ?, ?, ?, ?, ?, ?, ?)
Hibernate: 
    select
        null,
        u1_0.created_at,
        u1_0.deleted_at,
        u1_0.deleted_by,
        u1_0.email,
        u1_0.name,
        u1_0.password_hash,
        u1_0.phone,
        u1_0.role,
        u1_0.status,
        u1_0.updated_at 
    from
        users u1_0 
    where
        u1_0.id=?
Hibernate: 
    insert 
    into
        suppliers
        (country_code, country_name, created_at, export_ready, logo_url, name, response_rate, slug, user_id, verification_notes, verification_status, verification_updated_at, verified, years_in_business) 
    values
        (?, ?, ?, ?, ?, ?, ?, ?, ?, ?, ?, ?, ?, ?)
Hibernate: 
    select
        null,
        u1_0.created_at,
        u1_0.deleted_at,
        u1_0.deleted_by,
        u1_0.email,
        u1_0.name,
        u1_0.password_hash,
        u1_0.phone,
        u1_0.role,
        u1_0.status,
        u1_0.updated_at 
    from
        users u1_0 
    where
        u1_0.id=?
Hibernate: 
    insert 
    into
        suppliers
        (country_code, country_name, created_at, export_ready, logo_url, name, response_rate, slug, user_id, verification_notes, verification_status, verification_updated_at, verified, years_in_business) 
    values
        (?, ?, ?, ?, ?, ?, ?, ?, ?, ?, ?, ?, ?, ?)
Hibernate: 
    insert 
    into
        products
        (availability_status, cas_number, category, coa_available, created_at, description, export_ready, grade, lead_time_days, molecular_formula, moq_kg, msds_available, name, packaging, price, product_code, purity, seller_id, stock, updated_at, id) 
    values
        (?, ?, ?, ?, ?, ?, ?, ?, ?, ?, ?, ?, ?, ?, ?, ?, ?, ?, ?, ?, ?)
Hibernate: 
    insert 
    into
        products
        (availability_status, cas_number, category, coa_available, created_at, description, export_ready, grade, lead_time_days, molecular_formula, moq_kg, msds_available, name, packaging, price, product_code, purity, seller_id, stock, updated_at, id) 
    values
        (?, ?, ?, ?, ?, ?, ?, ?, ?, ?, ?, ?, ?, ?, ?, ?, ?, ?, ?, ?, ?)
Hibernate: 
    select
        p1_0.id,
        p1_0.availability_status,
        p1_0.cas_number,
        p1_0.category,
        p1_0.coa_available,
        p1_0.created_at,
        p1_0.description,
        p1_0.export_ready,
        p1_0.grade,
        p1_0.lead_time_days,
        p1_0.molecular_formula,
        p1_0.moq_kg,
        p1_0.msds_available,
        p1_0.name,
        p1_0.packaging,
        p1_0.price,
        p1_0.product_code,
        p1_0.purity,
        p1_0.seller_id,
        p1_0.stock,
        p1_0.updated_at 
    from
        products p1_0 
    left join
        users s1_0 
            on s1_0.id=p1_0.seller_id 
    where
        s1_0.id=? 
    order by
        p1_0.created_at desc 
    fetch
        first ? rows only
]]></system-out>
  </testcase>
  <testcase name="testGetSupplierProductsSucceeds" classname="com.synthora.product.SupplierProductPublicApiTest" time="0.048">
    <system-out><![CDATA[Hibernate: 
    select
        u1_0.id,
        u1_0.created_at,
        u1_0.deleted_at,
        u1_0.deleted_by,
        u1_0.email,
        u1_0.name,
        u1_0.password_hash,
        u1_0.phone,
        u1_0.role,
        u1_0.status,
        u1_0.updated_at 
    from
        users u1_0 
    where
        u1_0.id=?
Hibernate: 
    select
        u1_0.id,
        u1_0.created_at,
        u1_0.deleted_at,
        u1_0.deleted_by,
        u1_0.email,
        u1_0.name,
        u1_0.password_hash,
        u1_0.phone,
        u1_0.role,
        u1_0.status,
        u1_0.updated_at 
    from
        users u1_0 
    where
        u1_0.id=?
Hibernate: 
    insert 
    into
        users
        (created_at, deleted_at, deleted_by, email, name, password_hash, phone, role, status, updated_at, id) 
    values
        (?, ?, ?, ?, ?, ?, ?, ?, ?, ?, ?)
Hibernate: 
    insert 
    into
        users
        (created_at, deleted_at, deleted_by, email, name, password_hash, phone, role, status, updated_at, id) 
    values
        (?, ?, ?, ?, ?, ?, ?, ?, ?, ?, ?)
Hibernate: 
    select
        null,
        u1_0.created_at,
        u1_0.deleted_at,
        u1_0.deleted_by,
        u1_0.email,
        u1_0.name,
        u1_0.password_hash,
        u1_0.phone,
        u1_0.role,
        u1_0.status,
        u1_0.updated_at 
    from
        users u1_0 
    where
        u1_0.id=?
Hibernate: 
    insert 
    into
        suppliers
        (country_code, country_name, created_at, export_ready, logo_url, name, response_rate, slug, user_id, verification_notes, verification_status, verification_updated_at, verified, years_in_business) 
    values
        (?, ?, ?, ?, ?, ?, ?, ?, ?, ?, ?, ?, ?, ?)
Hibernate: 
    select
        null,
        u1_0.created_at,
        u1_0.deleted_at,
        u1_0.deleted_by,
        u1_0.email,
        u1_0.name,
        u1_0.password_hash,
        u1_0.phone,
        u1_0.role,
        u1_0.status,
        u1_0.updated_at 
    from
        users u1_0 
    where
        u1_0.id=?
Hibernate: 
    insert 
    into
        suppliers
        (country_code, country_name, created_at, export_ready, logo_url, name, response_rate, slug, user_id, verification_notes, verification_status, verification_updated_at, verified, years_in_business) 
    values
        (?, ?, ?, ?, ?, ?, ?, ?, ?, ?, ?, ?, ?, ?)
Hibernate: 
    insert 
    into
        products
        (availability_status, cas_number, category, coa_available, created_at, description, export_ready, grade, lead_time_days, molecular_formula, moq_kg, msds_available, name, packaging, price, product_code, purity, seller_id, stock, updated_at, id) 
    values
        (?, ?, ?, ?, ?, ?, ?, ?, ?, ?, ?, ?, ?, ?, ?, ?, ?, ?, ?, ?, ?)
Hibernate: 
    insert 
    into
        products
        (availability_status, cas_number, category, coa_available, created_at, description, export_ready, grade, lead_time_days, molecular_formula, moq_kg, msds_available, name, packaging, price, product_code, purity, seller_id, stock, updated_at, id) 
    values
        (?, ?, ?, ?, ?, ?, ?, ?, ?, ?, ?, ?, ?, ?, ?, ?, ?, ?, ?, ?, ?)
Hibernate: 
    select
        p1_0.id,
        p1_0.availability_status,
        p1_0.cas_number,
        p1_0.category,
        p1_0.coa_available,
        p1_0.created_at,
        p1_0.description,
        p1_0.export_ready,
        p1_0.grade,
        p1_0.lead_time_days,
        p1_0.molecular_formula,
        p1_0.moq_kg,
        p1_0.msds_available,
        p1_0.name,
        p1_0.packaging,
        p1_0.price,
        p1_0.product_code,
        p1_0.purity,
        p1_0.seller_id,
        p1_0.stock,
        p1_0.updated_at 
    from
        products p1_0 
    left join
        users s1_0 
            on s1_0.id=p1_0.seller_id 
    where
        s1_0.id=? 
    order by
        p1_0.created_at desc 
    fetch
        first ? rows only
]]></system-out>
  </testcase>
  <testcase name="testPublicResponseIsSafe" classname="com.synthora.product.SupplierProductPublicApiTest" time="0.039">
    <system-out><![CDATA[Hibernate: 
    select
        u1_0.id,
        u1_0.created_at,
        u1_0.deleted_at,
        u1_0.deleted_by,
        u1_0.email,
        u1_0.name,
        u1_0.password_hash,
        u1_0.phone,
        u1_0.role,
        u1_0.status,
        u1_0.updated_at 
    from
        users u1_0 
    where
        u1_0.id=?
Hibernate: 
    select
        u1_0.id,
        u1_0.created_at,
        u1_0.deleted_at,
        u1_0.deleted_by,
        u1_0.email,
        u1_0.name,
        u1_0.password_hash,
        u1_0.phone,
        u1_0.role,
        u1_0.status,
        u1_0.updated_at 
    from
        users u1_0 
    where
        u1_0.id=?
Hibernate: 
    insert 
    into
        users
        (created_at, deleted_at, deleted_by, email, name, password_hash, phone, role, status, updated_at, id) 
    values
        (?, ?, ?, ?, ?, ?, ?, ?, ?, ?, ?)
Hibernate: 
    insert 
    into
        users
        (created_at, deleted_at, deleted_by, email, name, password_hash, phone, role, status, updated_at, id) 
    values
        (?, ?, ?, ?, ?, ?, ?, ?, ?, ?, ?)
Hibernate: 
    select
        null,
        u1_0.created_at,
        u1_0.deleted_at,
        u1_0.deleted_by,
        u1_0.email,
        u1_0.name,
        u1_0.password_hash,
        u1_0.phone,
        u1_0.role,
        u1_0.status,
        u1_0.updated_at 
    from
        users u1_0 
    where
        u1_0.id=?
Hibernate: 
    insert 
    into
        suppliers
        (country_code, country_name, created_at, export_ready, logo_url, name, response_rate, slug, user_id, verification_notes, verification_status, verification_updated_at, verified, years_in_business) 
    values
        (?, ?, ?, ?, ?, ?, ?, ?, ?, ?, ?, ?, ?, ?)
Hibernate: 
    select
        null,
        u1_0.created_at,
        u1_0.deleted_at,
        u1_0.deleted_by,
        u1_0.email,
        u1_0.name,
        u1_0.password_hash,
        u1_0.phone,
        u1_0.role,
        u1_0.status,
        u1_0.updated_at 
    from
        users u1_0 
    where
        u1_0.id=?
Hibernate: 
    insert 
    into
        suppliers
        (country_code, country_name, created_at, export_ready, logo_url, name, response_rate, slug, user_id, verification_notes, verification_status, verification_updated_at, verified, years_in_business) 
    values
        (?, ?, ?, ?, ?, ?, ?, ?, ?, ?, ?, ?, ?, ?)
Hibernate: 
    insert 
    into
        products
        (availability_status, cas_number, category, coa_available, created_at, description, export_ready, grade, lead_time_days, molecular_formula, moq_kg, msds_available, name, packaging, price, product_code, purity, seller_id, stock, updated_at, id) 
    values
        (?, ?, ?, ?, ?, ?, ?, ?, ?, ?, ?, ?, ?, ?, ?, ?, ?, ?, ?, ?, ?)
Hibernate: 
    insert 
    into
        products
        (availability_status, cas_number, category, coa_available, created_at, description, export_ready, grade, lead_time_days, molecular_formula, moq_kg, msds_available, name, packaging, price, product_code, purity, seller_id, stock, updated_at, id) 
    values
        (?, ?, ?, ?, ?, ?, ?, ?, ?, ?, ?, ?, ?, ?, ?, ?, ?, ?, ?, ?, ?)
Hibernate: 
    select
        p1_0.id,
        p1_0.availability_status,
        p1_0.cas_number,
        p1_0.category,
        p1_0.coa_available,
        p1_0.created_at,
        p1_0.description,
        p1_0.export_ready,
        p1_0.grade,
        p1_0.lead_time_days,
        p1_0.molecular_formula,
        p1_0.moq_kg,
        p1_0.msds_available,
        p1_0.name,
        p1_0.packaging,
        p1_0.price,
        p1_0.product_code,
        p1_0.purity,
        p1_0.seller_id,
        p1_0.stock,
        p1_0.updated_at 
    from
        products p1_0 
    left join
        users s1_0 
            on s1_0.id=p1_0.seller_id 
    where
        s1_0.id=? 
    order by
        p1_0.created_at desc 
    fetch
        first ? rows only
]]></system-out>
  </testcase>
  <testcase name="testSupplierAOnlyReceivesSupplierAProducts" classname="com.synthora.product.SupplierProductPublicApiTest" time="0.037">
    <system-out><![CDATA[Hibernate: 
    select
        u1_0.id,
        u1_0.created_at,
        u1_0.deleted_at,
        u1_0.deleted_by,
        u1_0.email,
        u1_0.name,
        u1_0.password_hash,
        u1_0.phone,
        u1_0.role,
        u1_0.status,
        u1_0.updated_at 
    from
        users u1_0 
    where
        u1_0.id=?
Hibernate: 
    select
        u1_0.id,
        u1_0.created_at,
        u1_0.deleted_at,
        u1_0.deleted_by,
        u1_0.email,
        u1_0.name,
        u1_0.password_hash,
        u1_0.phone,
        u1_0.role,
        u1_0.status,
        u1_0.updated_at 
    from
        users u1_0 
    where
        u1_0.id=?
Hibernate: 
    insert 
    into
        users
        (created_at, deleted_at, deleted_by, email, name, password_hash, phone, role, status, updated_at, id) 
    values
        (?, ?, ?, ?, ?, ?, ?, ?, ?, ?, ?)
Hibernate: 
    insert 
    into
        users
        (created_at, deleted_at, deleted_by, email, name, password_hash, phone, role, status, updated_at, id) 
    values
        (?, ?, ?, ?, ?, ?, ?, ?, ?, ?, ?)
Hibernate: 
    select
        null,
        u1_0.created_at,
        u1_0.deleted_at,
        u1_0.deleted_by,
        u1_0.email,
        u1_0.name,
        u1_0.password_hash,
        u1_0.phone,
        u1_0.role,
        u1_0.status,
        u1_0.updated_at 
    from
        users u1_0 
    where
        u1_0.id=?
Hibernate: 
    insert 
    into
        suppliers
        (country_code, country_name, created_at, export_ready, logo_url, name, response_rate, slug, user_id, verification_notes, verification_status, verification_updated_at, verified, years_in_business) 
    values
        (?, ?, ?, ?, ?, ?, ?, ?, ?, ?, ?, ?, ?, ?)
Hibernate: 
    select
        null,
        u1_0.created_at,
        u1_0.deleted_at,
        u1_0.deleted_by,
        u1_0.email,
        u1_0.name,
        u1_0.password_hash,
        u1_0.phone,
        u1_0.role,
        u1_0.status,
        u1_0.updated_at 
    from
        users u1_0 
    where
        u1_0.id=?
Hibernate: 
    insert 
    into
        suppliers
        (country_code, country_name, created_at, export_ready, logo_url, name, response_rate, slug, user_id, verification_notes, verification_status, verification_updated_at, verified, years_in_business) 
    values
        (?, ?, ?, ?, ?, ?, ?, ?, ?, ?, ?, ?, ?, ?)
Hibernate: 
    insert 
    into
        products
        (availability_status, cas_number, category, coa_available, created_at, description, export_ready, grade, lead_time_days, molecular_formula, moq_kg, msds_available, name, packaging, price, product_code, purity, seller_id, stock, updated_at, id) 
    values
        (?, ?, ?, ?, ?, ?, ?, ?, ?, ?, ?, ?, ?, ?, ?, ?, ?, ?, ?, ?, ?)
Hibernate: 
    insert 
    into
        products
        (availability_status, cas_number, category, coa_available, created_at, description, export_ready, grade, lead_time_days, molecular_formula, moq_kg, msds_available, name, packaging, price, product_code, purity, seller_id, stock, updated_at, id) 
    values
        (?, ?, ?, ?, ?, ?, ?, ?, ?, ?, ?, ?, ?, ?, ?, ?, ?, ?, ?, ?, ?)
Hibernate: 
    select
        p1_0.id,
        p1_0.availability_status,
        p1_0.cas_number,
        p1_0.category,
        p1_0.coa_available,
        p1_0.created_at,
        p1_0.description,
        p1_0.export_ready,
        p1_0.grade,
        p1_0.lead_time_days,
        p1_0.molecular_formula,
        p1_0.moq_kg,
        p1_0.msds_available,
        p1_0.name,
        p1_0.packaging,
        p1_0.price,
        p1_0.product_code,
        p1_0.purity,
        p1_0.seller_id,
        p1_0.stock,
        p1_0.updated_at 
    from
        products p1_0 
    left join
        users s1_0 
            on s1_0.id=p1_0.seller_id 
    where
        s1_0.id=? 
    order by
        p1_0.created_at desc 
    fetch
        first ? rows only
]]></system-out>
  </testcase>
  <testcase name="testEndpointDoesNotPermitPut" classname="com.synthora.product.SupplierProductPublicApiTest" time="0.053">
    <system-out><![CDATA[Hibernate: 
    select
        u1_0.id,
        u1_0.created_at,
        u1_0.deleted_at,
        u1_0.deleted_by,
        u1_0.email,
        u1_0.name,
        u1_0.password_hash,
        u1_0.phone,
        u1_0.role,
        u1_0.status,
        u1_0.updated_at 
    from
        users u1_0 
    where
        u1_0.id=?
Hibernate: 
    select
        u1_0.id,
        u1_0.created_at,
        u1_0.deleted_at,
        u1_0.deleted_by,
        u1_0.email,
        u1_0.name,
        u1_0.password_hash,
        u1_0.phone,
        u1_0.role,
        u1_0.status,
        u1_0.updated_at 
    from
        users u1_0 
    where
        u1_0.id=?
Hibernate: 
    insert 
    into
        users
        (created_at, deleted_at, deleted_by, email, name, password_hash, phone, role, status, updated_at, id) 
    values
        (?, ?, ?, ?, ?, ?, ?, ?, ?, ?, ?)
Hibernate: 
    insert 
    into
        users
        (created_at, deleted_at, deleted_by, email, name, password_hash, phone, role, status, updated_at, id) 
    values
        (?, ?, ?, ?, ?, ?, ?, ?, ?, ?, ?)
Hibernate: 
    select
        null,
        u1_0.created_at,
        u1_0.deleted_at,
        u1_0.deleted_by,
        u1_0.email,
        u1_0.name,
        u1_0.password_hash,
        u1_0.phone,
        u1_0.role,
        u1_0.status,
        u1_0.updated_at 
    from
        users u1_0 
    where
        u1_0.id=?
Hibernate: 
    insert 
    into
        suppliers
        (country_code, country_name, created_at, export_ready, logo_url, name, response_rate, slug, user_id, verification_notes, verification_status, verification_updated_at, verified, years_in_business) 
    values
        (?, ?, ?, ?, ?, ?, ?, ?, ?, ?, ?, ?, ?, ?)
Hibernate: 
    select
        null,
        u1_0.created_at,
        u1_0.deleted_at,
        u1_0.deleted_by,
        u1_0.email,
        u1_0.name,
        u1_0.password_hash,
        u1_0.phone,
        u1_0.role,
        u1_0.status,
        u1_0.updated_at 
    from
        users u1_0 
    where
        u1_0.id=?
Hibernate: 
    insert 
    into
        suppliers
        (country_code, country_name, created_at, export_ready, logo_url, name, response_rate, slug, user_id, verification_notes, verification_status, verification_updated_at, verified, years_in_business) 
    values
        (?, ?, ?, ?, ?, ?, ?, ?, ?, ?, ?, ?, ?, ?)
]]></system-out>
  </testcase>
</testsuite>