<?xml version="1.0" encoding="UTF-8"?>
<testsuite xmlns:xsi="http://www.w3.org/2001/XMLSchema-instance" xsi:noNamespaceSchemaLocation="https://maven.apache.org/surefire/maven-surefire-plugin/xsd/surefire-test-report.xsd" version="3.0.2" name="com.synthora.security.SecurityHardeningIntegrationTest" time="0.108" tests="17" errors="0" skipped="0" failures="0">
  <properties>
[...]
</properties>
  <testcase name="test16_PublicProductDocumentsViewableUnauthenticated" classname="com.synthora.security.SecurityHardeningIntegrationTest" time="0.007">
    <system-out><![CDATA[2026-08-23T01:53:26.674+05:30  INFO 35500 --- [synthora] [           main] t.c.s.AnnotationConfigContextLoaderUtils : Could not detect default configuration classes for test class [com.synthora.security.SecurityHardeningIntegrationTest]: SecurityHardeningIntegrationTest does not declare any static, non-private, non-final, nested classes annotated with @Configuration.
2026-08-23T01:53:26.675+05:30  INFO 35500 --- [synthora] [           main] .b.t.c.SpringBootTestContextBootstrapper : Found @SpringBootConfiguration com.synthora.SynthoraApplication for test class com.synthora.security.SecurityHardeningIntegrationTest
2026-08-23T01:53:26.681+05:30  INFO 35500 --- [synthora] [           main] c.synthora.common.RequestLoggingFilter   : API Request: method=GET uri=/api/v1/documents status=200 duration=1ms requestId=8d6af3d7-c94a-4a11-97ad-5e98c4840b56
]]></system-out>
  </testcase>
  <testcase name="test17_ErrorResponseSanitizedNoStackTrace" classname="com.synthora.security.SecurityHardeningIntegrationTest" time="0.008">
    <system-out><![CDATA[2026-08-23T01:53:26.694+05:30  INFO 35500 --- [synthora] [           main] c.synthora.common.RequestLoggingFilter   : API Request: method=GET uri=/api/v1/rfqs/invalid-uuid-format status=400 duration=2ms requestId=ea11ba09-0f47-4ad5-8696-e3b3a8d7edd0
]]></system-out>
  </testcase>
  <testcase name="test09_BuyerCannotSubmitSupplierQuotation" classname="com.synthora.security.SecurityHardeningIntegrationTest" time="0.007">
    <system-out><![CDATA[2026-08-23T01:53:26.701+05:30  INFO 35500 --- [synthora] [           main] c.synthora.common.RequestLoggingFilter   : API Request: method=POST uri=/api/v1/rfqs/supplier/c4660281-d63b-4871-aa66-6fd4bfc8f59f/quotations status=403 duration=1ms requestId=8cf8636d-547a-4e8c-815e-5980ef1e5799
]]></system-out>
  </testcase>
  <testcase name="test02_SuspendedUserRejectedEvenWithValidJwt" classname="com.synthora.security.SecurityHardeningIntegrationTest" time="0.004">
    <system-out><![CDATA[2026-08-23T01:53:26.706+05:30  WARN 35500 --- [synthora] [           main] c.s.security.JwtAuthenticationFilter     : Blocked request with valid JWT for inactive user: suspended_333faabf@test.com (Status: SUSPENDED, Deleted: false)
]]></system-out>
  </testcase>
  <testcase name="test14_NegativePriceRejected" classname="com.synthora.security.SecurityHardeningIntegrationTest" time="0.005">
    <system-out><![CDATA[2026-08-23T01:53:26.711+05:30  INFO 35500 --- [synthora] [           main] c.synthora.common.RequestLoggingFilter   : API Request: method=POST uri=/api/v1/rfqs/supplier/f481c227-18d0-4714-bbda-52b8d781e929/quotations status=400 duration=0ms requestId=aff79514-2800-47ad-9073-59bea6355f61
]]></system-out>
  </testcase>
  <testcase name="test10_SupplierCannotSubmitBuyerCounterOffer" classname="com.synthora.security.SecurityHardeningIntegrationTest" time="0.006">
    <system-out><![CDATA[2026-08-23T01:53:26.718+05:30  INFO 35500 --- [synthora] [           main] c.synthora.common.RequestLoggingFilter   : API Request: method=POST uri=/api/v1/rfqs/6cfab33c-1c22-40a7-a59e-06758f010606/counter-offer status=404 duration=2ms requestId=804787a5-0134-41f0-bc48-c280b54a1eb5
]]></system-out>
  </testcase>
  <testcase name="test12_PathTraversalFilenameRejected" classname="com.synthora.security.SecurityHardeningIntegrationTest" time="0.006">
    <system-out><![CDATA[2026-08-23T01:53:26.724+05:30  INFO 35500 --- [synthora] [           main] c.synthora.common.RequestLoggingFilter   : API Request: method=POST uri=/api/v1/documents status=400 duration=1ms requestId=b44a4e14-08f8-48af-b693-437f478a49e4
]]></system-out>
  </testcase>
  <testcase name="test13_InvalidCurrencyCodeRejected" classname="com.synthora.security.SecurityHardeningIntegrationTest" time="0.006">
    <system-out><![CDATA[2026-08-23T01:53:26.729+05:30  INFO 35500 --- [synthora] [           main] c.synthora.common.RequestLoggingFilter   : API Request: method=POST uri=/api/v1/rfqs/supplier/9a51ff89-8f49-441d-bd70-3a97ecfd8de2/quotations status=400 duration=1ms requestId=d6a38e67-2bed-4a1a-a823-329002841184
]]></system-out>
  </testcase>
  <testcase name="test01_MalformedOrInvalidJwtRejected" classname="com.synthora.security.SecurityHardeningIntegrationTest" time="0.004"/>
  <testcase name="test08_SupplierBCannotModifySupplierAProduct" classname="com.synthora.security.SecurityHardeningIntegrationTest" time="0.006">
    <system-out><![CDATA[2026-08-23T01:53:26.740+05:30  INFO 35500 --- [synthora] [           main] c.synthora.common.RequestLoggingFilter   : API Request: method=PUT uri=/api/v1/products/4ee90a5b-489b-492a-99a8-0f29ccc8e954 status=403 duration=1ms requestId=fc707534-dc2d-48ca-837d-83a6feb78730
]]></system-out>
  </testcase>
  <testcase name="test07_SupplierBCannotAccessSupplierARfq" classname="com.synthora.security.SecurityHardeningIntegrationTest" time="0.006">
    <system-out><![CDATA[2026-08-23T01:53:26.747+05:30  INFO 35500 --- [synthora] [           main] c.synthora.common.RequestLoggingFilter   : API Request: method=GET uri=/api/v1/rfqs/supplier/92672e01-9714-45f7-8cc2-4f4d0054fb30 status=404 duration=2ms requestId=af551207-9cb4-44df-a955-694b02a99672
]]></system-out>
  </testcase>
  <testcase name="test04_BuyerCannotAccessSupplierEndpoint" classname="com.synthora.security.SecurityHardeningIntegrationTest" time="0.006">
    <system-out><![CDATA[2026-08-23T01:53:26.753+05:30  INFO 35500 --- [synthora] [           main] c.synthora.common.RequestLoggingFilter   : API Request: method=GET uri=/api/v1/rfqs/supplier status=403 duration=0ms requestId=195748f5-f43a-4dd4-9cfd-6292b70a9b9b
]]></system-out>
  </testcase>
  <testcase name="test05_SupplierCannotAccessAdminEndpoint" classname="com.synthora.security.SecurityHardeningIntegrationTest" time="0.005">
    <system-out><![CDATA[2026-08-23T01:53:26.758+05:30  INFO 35500 --- [synthora] [           main] c.synthora.common.RequestLoggingFilter   : API Request: method=GET uri=/api/v1/admin/users status=403 duration=0ms requestId=5c4e1d90-c5d7-4c91-b3ef-f27675dc797c
]]></system-out>
  </testcase>
  <testcase name="test15_AdminEndpointAccessibleByAdmin" classname="com.synthora.security.SecurityHardeningIntegrationTest" time="0.007">
    <system-out><![CDATA[2026-08-23T01:53:26.765+05:30  INFO 35500 --- [synthora] [           main] c.synthora.common.RequestLoggingFilter   : API Request: method=GET uri=/api/v1/admin/users status=200 duration=1ms requestId=c9d98fdf-a19e-48d1-9ff6-9773d47c15f7
]]></system-out>
  </testcase>
  <testcase name="test03_DeletedUserRejectedEvenWithValidJwt" classname="com.synthora.security.SecurityHardeningIntegrationTest" time="0.005">
    <system-out><![CDATA[2026-08-23T01:53:26.770+05:30  WARN 35500 --- [synthora] [           main] c.s.security.JwtAuthenticationFilter     : Blocked request with valid JWT for inactive user: buyerB_4d3322d7@test.com (Status: PENDING, Deleted: true)
]]></system-out>
  </testcase>
  <testcase name="test11_ExecutableFileUploadRejected" classname="com.synthora.security.SecurityHardeningIntegrationTest" time="0.005">
    <system-out><![CDATA[2026-08-23T01:53:26.776+05:30  INFO 35500 --- [synthora] [           main] c.synthora.common.RequestLoggingFilter   : API Request: method=POST uri=/api/v1/documents status=400 duration=1ms requestId=a4eb808f-ec3c-49e1-b111-30545a2739de
]]></system-out>
  </testcase>
  <testcase name="test06_BuyerACannotAccessBuyerBRfq" classname="com.synthora.security.SecurityHardeningIntegrationTest" time="0.005">
    <system-out><![CDATA[2026-08-23T01:53:26.782+05:30  INFO 35500 --- [synthora] [           main] c.synthora.common.RequestLoggingFilter   : API Request: method=GET uri=/api/v1/rfqs/387bf3c5-5615-4d34-bde7-8bb20c1fe306 status=404 duration=2ms requestId=4343790e-510e-4949-b065-1088061e027c
]]></system-out>
  </testcase>
</testsuite>