<?xml version="1.0" encoding="UTF-8"?>
<testsuite xmlns:xsi="http://www.w3.org/2001/XMLSchema-instance" xsi:noNamespaceSchemaLocation="https://maven.apache.org/surefire/maven-surefire-plugin/xsd/surefire-test-report.xsd" version="3.0.2" name="com.synthora.document.RfqQuotationDocumentSecurityTest" time="0.236" tests="13" errors="0" skipped="0" failures="0">
  <properties>
[...]
</properties>
  <testcase name="supplierCanDeleteOwnUploadedRfqDocument" classname="com.synthora.document.RfqQuotationDocumentSecurityTest" time="0.026">
    <system-out><![CDATA[2026-08-23T01:52:35.099+05:30  INFO 35500 --- [synthora] [           main] t.c.s.AnnotationConfigContextLoaderUtils : Could not detect default configuration classes for test class [com.synthora.document.RfqQuotationDocumentSecurityTest]: RfqQuotationDocumentSecurityTest does not declare any static, non-private, non-final, nested classes annotated with @Configuration.
2026-08-23T01:52:35.100+05:30  INFO 35500 --- [synthora] [           main] .b.t.c.SpringBootTestContextBootstrapper : Found @SpringBootConfiguration com.synthora.SynthoraApplication for test class com.synthora.document.RfqQuotationDocumentSecurityTest
2026-08-23T01:52:35.120+05:30  INFO 35500 --- [synthora] [           main] c.synthora.common.RequestLoggingFilter   : API Request: method=POST uri=/api/v1/documents status=201 duration=7ms requestId=df98d3c8-2388-45fe-b908-254197854425
2026-08-23T01:52:35.126+05:30  INFO 35500 --- [synthora] [           main] c.synthora.common.RequestLoggingFilter   : API Request: method=DELETE uri=/api/v1/documents/dde12bf7-f83f-4024-9ce3-d0c2cf2feb93 status=204 duration=3ms requestId=c9c65149-e32d-4de2-b1cf-a9d35d56709a
]]></system-out>
  </testcase>
  <testcase name="supplierCannotDeleteBuyerRfqDocument" classname="com.synthora.document.RfqQuotationDocumentSecurityTest" time="0.022">
    <system-out><![CDATA[2026-08-23T01:52:35.143+05:30  INFO 35500 --- [synthora] [           main] c.synthora.common.RequestLoggingFilter   : API Request: method=POST uri=/api/v1/documents status=201 duration=7ms requestId=dc1741d6-33ab-4bf7-a6bd-b5a3553da790
2026-08-23T01:52:35.148+05:30  INFO 35500 --- [synthora] [           main] c.synthora.common.RequestLoggingFilter   : API Request: method=DELETE uri=/api/v1/documents/e0f5987d-3cd8-4d59-a15d-319339dfc73f status=403 duration=3ms requestId=1aa3f2ec-fd66-41a2-ab9d-e6deca219158
]]></system-out>
  </testcase>
  <testcase name="unrelatedSupplierCannotUploadRfqDocument" classname="com.synthora.document.RfqQuotationDocumentSecurityTest" time="0.013">
    <system-out><![CDATA[2026-08-23T01:52:35.162+05:30  INFO 35500 --- [synthora] [           main] c.synthora.common.RequestLoggingFilter   : API Request: method=POST uri=/api/v1/documents status=403 duration=3ms requestId=47fbc3ff-713e-4900-a6b4-131af0ec8ae7
]]></system-out>
  </testcase>
  <testcase name="buyerCannotDeleteQuotationDocument" classname="com.synthora.document.RfqQuotationDocumentSecurityTest" time="0.024">
    <system-out><![CDATA[2026-08-23T01:52:35.181+05:30  INFO 35500 --- [synthora] [           main] c.synthora.common.RequestLoggingFilter   : API Request: method=POST uri=/api/v1/documents status=201 duration=7ms requestId=cffb1165-444e-4e57-be88-1d23fbda2d30
2026-08-23T01:52:35.187+05:30  INFO 35500 --- [synthora] [           main] c.synthora.common.RequestLoggingFilter   : API Request: method=DELETE uri=/api/v1/documents/34e91447-2ad8-4529-a7b9-12979f83b4ce status=403 duration=3ms requestId=10deea48-698b-4aec-af78-05793378648d
]]></system-out>
  </testcase>
  <testcase name="buyerCanViewQuotationDocument" classname="com.synthora.document.RfqQuotationDocumentSecurityTest" time="0.022">
    <system-out><![CDATA[2026-08-23T01:52:35.203+05:30  INFO 35500 --- [synthora] [           main] c.synthora.common.RequestLoggingFilter   : API Request: method=POST uri=/api/v1/documents status=201 duration=7ms requestId=e3ec81d3-0792-423d-897b-489a19a31b09
2026-08-23T01:52:35.209+05:30  INFO 35500 --- [synthora] [           main] c.synthora.common.RequestLoggingFilter   : API Request: method=GET uri=/api/v1/documents/ef3725ea-0773-4720-9dda-526e7e2a9518/download status=200 duration=4ms requestId=d4d37045-5062-4c2f-a443-eee838e7d0ab
]]></system-out>
  </testcase>
  <testcase name="unrelatedBuyerCannotUploadRfqDocument" classname="com.synthora.document.RfqQuotationDocumentSecurityTest" time="0.013">
    <system-out><![CDATA[2026-08-23T01:52:35.222+05:30  INFO 35500 --- [synthora] [           main] c.synthora.common.RequestLoggingFilter   : API Request: method=POST uri=/api/v1/documents status=403 duration=2ms requestId=1a36a02c-2e76-40e3-a17e-4d5b00135f1d
]]></system-out>
  </testcase>
  <testcase name="buyerCanUploadRfqDocument" classname="com.synthora.document.RfqQuotationDocumentSecurityTest" time="0.016">
    <system-out><![CDATA[2026-08-23T01:52:35.239+05:30  INFO 35500 --- [synthora] [           main] c.synthora.common.RequestLoggingFilter   : API Request: method=POST uri=/api/v1/documents status=201 duration=7ms requestId=aee877f7-6a0f-4a73-a4d4-11f854fe9623
]]></system-out>
  </testcase>
  <testcase name="invalidRfqCategoryRejected" classname="com.synthora.document.RfqQuotationDocumentSecurityTest" time="0.01">
    <system-out><![CDATA[2026-08-23T01:52:35.250+05:30  INFO 35500 --- [synthora] [           main] c.synthora.common.RequestLoggingFilter   : API Request: method=POST uri=/api/v1/documents status=400 duration=2ms requestId=92bb70dd-7161-49e9-ac34-442e9fd5d640
]]></system-out>
  </testcase>
  <testcase name="supplierCanUploadQuotationDocument" classname="com.synthora.document.RfqQuotationDocumentSecurityTest" time="0.018">
    <system-out><![CDATA[2026-08-23T01:52:35.268+05:30  INFO 35500 --- [synthora] [           main] c.synthora.common.RequestLoggingFilter   : API Request: method=POST uri=/api/v1/documents status=201 duration=7ms requestId=df7b352f-ac1e-44bf-b49f-ff9ec1b3ff42
]]></system-out>
  </testcase>
  <testcase name="validRfqCategoryAccepted" classname="com.synthora.document.RfqQuotationDocumentSecurityTest" time="0.017">
    <system-out><![CDATA[2026-08-23T01:52:35.285+05:30  INFO 35500 --- [synthora] [           main] c.synthora.common.RequestLoggingFilter   : API Request: method=POST uri=/api/v1/documents status=201 duration=6ms requestId=65be0bc2-f48f-4b4b-ab9b-65b6ddb29a9a
]]></system-out>
  </testcase>
  <testcase name="supplierAssignedCanUploadRfqDocument" classname="com.synthora.document.RfqQuotationDocumentSecurityTest" time="0.015">
    <system-out><![CDATA[2026-08-23T01:52:35.301+05:30  INFO 35500 --- [synthora] [           main] c.synthora.common.RequestLoggingFilter   : API Request: method=POST uri=/api/v1/documents status=201 duration=6ms requestId=68b0f105-2cde-42ad-b419-e9745d4fb071
]]></system-out>
  </testcase>
  <testcase name="supplierAssignedCanViewRfqDocument" classname="com.synthora.document.RfqQuotationDocumentSecurityTest" time="0.021">
    <system-out><![CDATA[2026-08-23T01:52:35.316+05:30  INFO 35500 --- [synthora] [           main] c.synthora.common.RequestLoggingFilter   : API Request: method=POST uri=/api/v1/documents status=201 duration=6ms requestId=12185b88-6cc8-4b23-b258-a0b7c9bd3e0f
2026-08-23T01:52:35.322+05:30  INFO 35500 --- [synthora] [           main] c.synthora.common.RequestLoggingFilter   : API Request: method=GET uri=/api/v1/documents/b9a3854c-e3a5-4f26-9481-45f16f9a4d87/download status=200 duration=4ms requestId=5397fbcd-0767-4935-a6f2-e5a173139ca8
]]></system-out>
  </testcase>
  <testcase name="buyerCannotUploadQuotationDocument" classname="com.synthora.document.RfqQuotationDocumentSecurityTest" time="0.011">
    <system-out><![CDATA[2026-08-23T01:52:35.333+05:30  INFO 35500 --- [synthora] [           main] c.synthora.common.RequestLoggingFilter   : API Request: method=POST uri=/api/v1/documents status=403 duration=2ms requestId=5d118541-1572-4b0d-9d78-c4a79dbf605b
]]></system-out>
  </testcase>
</testsuite>